[debug] [2022-04-17T18:06:30.896Z] ----------------------------------------------------------------------
[debug] [2022-04-17T18:06:30.898Z] Command:       C:\NodeProjects\node.exe C:\Users\Acer\AppData\Roaming\npm\node_modules\firebase-tools\lib\bin\firebase.js init
[debug] [2022-04-17T18:06:30.898Z] CLI Version:   10.6.0
[debug] [2022-04-17T18:06:30.898Z] Platform:      win32
[debug] [2022-04-17T18:06:30.898Z] Node Version:  v14.15.4
[debug] [2022-04-17T18:06:30.899Z] Time:          Sun Apr 17 2022 23:36:30 GMT+0530 (India Standard Time)
[debug] [2022-04-17T18:06:30.899Z] ----------------------------------------------------------------------
[debug] 
[debug] [2022-04-17T18:06:30.957Z] > command requires scopes: ["email","openid","https://www.googleapis.com/auth/cloudplatformprojects.readonly","https://www.googleapis.com/auth/firebase","https://www.googleapis.com/auth/cloud-platform"]
[debug] [2022-04-17T18:06:30.958Z] > authorizing via signed-in user (b.b.raghav29@gmail.com)
[info] 
     ######## #### ########  ######## ########     ###     ######  ########
     ##        ##  ##     ## ##       ##     ##  ##   ##  ##       ##
     ######    ##  ########  ######   ########  #########  ######  ######
     ##        ##  ##    ##  ##       ##     ## ##     ##       ## ##
     ##       #### ##     ## ######## ########  ##     ##  ######  ########

You're about to initialize a Firebase project in this directory:

  C:\Users\Acer\IdeaProjects\scratch-starter-project

Before we get started, keep in mind:

  * You are initializing within an existing Firebase project directory

